Using pre-set license
Built from '2020.3/staging' branch; Version is '2020.3.23f1 (c5d91304a876) revision 12966163'; Using compiler version '192528614'; Build Type 'Release'
OS: 'Windows 10 Pro; OS build 18363.1316; Version 1909; 64bit' Language: 'ko' Physical Memory: 16264 MB
BatchMode: 1, IsHumanControllingUs: 0, StartBugReporterOnCrash: 0, Is64bit: 1, IsPro: 0

COMMAND LINE ARGUMENTS:
C:\Program Files\Unity\Hub\Editor\2020.3.23f1\Editor\Unity.exe
-adb2
-batchMode
-noUpm
-name
AssetImportWorker0
-projectPath
C:/Users/SGA/Documents/GitHub/bathroom1/Scroll-Game/PO_Resource
-logFile
Logs/AssetImportWorker0.log
-srvPort
52240
Successfully changed project path to: C:/Users/SGA/Documents/GitHub/bathroom1/Scroll-Game/PO_Resource
C:/Users/SGA/Documents/GitHub/bathroom1/Scroll-Game/PO_Resource
Using Asset Import Pipeline V2.
Refreshing native plugins compatible for Editor in 86.68 ms, found 3 plugins.
Preloading 0 native plugins for Editor in 0.00 ms.
Initialize engine version: 2020.3.23f1 (c5d91304a876)
[Subsystems] Discovering subsystems at path C:/Program Files/Unity/Hub/Editor/2020.3.23f1/Editor/Data/Resources/UnitySubsystems
[Subsystems] Discovering subsystems at path C:/Users/SGA/Documents/GitHub/bathroom1/Scroll-Game/PO_Resource/Assets
GfxDevice: creating device client; threaded=0
Direct3D:
    Version:  Direct3D 11.0 [level 11.1]
    Renderer: Intel(R) HD Graphics 630 (ID=0x5912)
    Vendor:   
    VRAM:     8132 MB
    Driver:   27.20.100.8681
Initialize mono
Mono path[0] = 'C:/Program Files/Unity/Hub/Editor/2020.3.23f1/Editor/Data/Managed'
Mono path[1] = 'C:/Program Files/Unity/Hub/Editor/2020.3.23f1/Editor/Data/MonoBleedingEdge/lib/mono/unityjit'
Mono config path = 'C:/Program Files/Unity/Hub/Editor/2020.3.23f1/Editor/Data/MonoBleedingEdge/etc'
Using monoOptions --debugger-agent=transport=dt_socket,embedding=1,server=y,suspend=n,address=127.0.0.1:56464
Begin MonoManager ReloadAssembly
Registering precompiled unity dll's ...
Register platform support module: C:/Program Files/Unity/Hub/Editor/2020.3.23f1/Editor/Data/PlaybackEngines/WindowsStandaloneSupport/UnityEditor.WindowsStandalone.Extensions.dll
Registered in 0.001618 seconds.
Native extension for WindowsStandalone target not found
Refreshing native plugins compatible for Editor in 86.24 ms, found 3 plugins.
Preloading 0 native plugins for Editor in 0.00 ms.
Mono: successfully reloaded assembly
- Completed reload, in  0.613 seconds
Domain Reload Profiling:
	ReloadAssembly (613ms)
		BeginReloadAssembly (51ms)
			ExecutionOrderSort (0ms)
			DisableScriptedObjects (0ms)
			BackupInstance (0ms)
			ReleaseScriptingObjects (0ms)
			CreateAndSetChildDomain (1ms)
		EndReloadAssembly (492ms)
			LoadAssemblies (49ms)
			RebuildTransferFunctionScriptingTraits (0ms)
			SetupTypeCache (149ms)
			ReleaseScriptCaches (0ms)
			RebuildScriptCaches (32ms)
			SetupLoadedEditorAssemblies (212ms)
				LogAssemblyErrors (0ms)
				InitializePlatformSupportModulesInManaged (4ms)
				SetLoadedEditorAssemblies (0ms)
				RefreshPlugins (86ms)
				BeforeProcessingInitializeOnLoad (16ms)
				ProcessInitializeOnLoadAttributes (78ms)
				ProcessInitializeOnLoadMethodAttributes (27ms)
				AfterProcessingInitializeOnLoad (0ms)
				EditorAssembliesLoaded (0ms)
			ExecutionOrderSort2 (0ms)
			AwakeInstancesAfterBackupRestoration (0ms)
Platform modules already initialized, skipping
Registering precompiled user dll's ...
Registered in 0.006415 seconds.
Begin MonoManager ReloadAssembly
Symbol file LoadedFromMemory doesn't match image C:\Users\SGA\Documents\GitHub\bathroom1\Scroll-Game\PO_Resource\Library\PackageCache\com.unity.visualscripting@1.7.5\Editor\VisualScripting.Core\Dependencies\YamlDotNet\Unity.VisualScripting.YamlDotNet.dll
Symbol file LoadedFromMemory doesn't match image C:\Users\SGA\Documents\GitHub\bathroom1\Scroll-Game\PO_Resource\Library\PackageCache\com.unity.visualscripting@1.7.5\Editor\VisualScripting.Core\Dependencies\DotNetZip\Unity.VisualScripting.IonicZip.dll
Native extension for WindowsStandalone target not found
Refreshing native plugins compatible for Editor in 0.59 ms, found 3 plugins.
Preloading 0 native plugins for Editor in 0.00 ms.
Mono: successfully reloaded assembly
- Completed reload, in  1.095 seconds
Domain Reload Profiling:
	ReloadAssembly (1095ms)
		BeginReloadAssembly (137ms)
			ExecutionOrderSort (0ms)
			DisableScriptedObjects (4ms)
			BackupInstance (0ms)
			ReleaseScriptingObjects (0ms)
			CreateAndSetChildDomain (18ms)
		EndReloadAssembly (896ms)
			LoadAssemblies (90ms)
			RebuildTransferFunctionScriptingTraits (0ms)
			SetupTypeCache (330ms)
			ReleaseScriptCaches (1ms)
			RebuildScriptCaches (47ms)
			SetupLoadedEditorAssemblies (335ms)
				LogAssemblyErrors (0ms)
				InitializePlatformSupportModulesInManaged (4ms)
				SetLoadedEditorAssemblies (0ms)
				RefreshPlugins (1ms)
				BeforeProcessingInitializeOnLoad (101ms)
				ProcessInitializeOnLoadAttributes (213ms)
				ProcessInitializeOnLoadMethodAttributes (9ms)
				AfterProcessingInitializeOnLoad (6ms)
				EditorAssembliesLoaded (0ms)
			ExecutionOrderSort2 (0ms)
			AwakeInstancesAfterBackupRestoration (6ms)
Platform modules already initialized, skipping
========================================================================
Worker process is ready to serve import requests
Launched and connected shader compiler UnityShaderCompiler.exe after 0.07 seconds
Refreshing native plugins compatible for Editor in 0.55 ms, found 3 plugins.
Preloading 0 native plugins for Editor in 0.00 ms.
Unloading 3090 Unused Serialized files (Serialized files now loaded: 0)
System memory in use before: 110.4 MB.
System memory in use after: 110.6 MB.

Unloading 23 unused Assets to reduce memory usage. Loaded Objects now: 3519.
Total: 2.982200 ms (FindLiveObjects: 0.263800 ms CreateObjectMapping: 0.157400 ms MarkObjects: 2.479700 ms  DeleteObjects: 0.080200 ms)

AssetImportParameters requested are different than current active one (requested -> active):
  custom:framework-win-MediaFoundation: 216162199b28c13a410421893ffa2e32 -> 
  custom:video-decoder-ogg-theora: a1e56fd34408186e4bbccfd4996cb3dc -> 
  custom:container-muxer-webm: aa71ff27fc2769a1b78a27578f13a17b -> 
  custom:container-demuxer-webm: 4f35f7cbe854078d1ac9338744f61a02 -> 
  custom:container-demuxer-ogg: 62fdf1f143b41e24485cea50d1cbac27 -> 
  custom:video-encoder-webm-vp8: eb34c28f22e8b96e1ab97ce403110664 -> 
  custom:video-decoder-webm-vp8: 9c59270c3fd7afecdb556c50c9e8de78 -> 
  custom:audio-decoder-ogg-vorbis: bf7c407c2cedff20999df2af8eb42d56 -> 
  custom:audio-encoder-webm-vorbis: bf7c407c2cedff20999df2af8eb42d56 -> 
========================================================================
Received Import Request.
  path: Assets/Resources/Illegal Game Rips-20211206T001806Z-001
  artifactKey: Guid(e60f288047fc1b145be17b1b074d2569) Importer(815301076,1909f56bfc062723c751e8b465ee728b)
Start importing Assets/Resources/Illegal Game Rips-20211206T001806Z-001 using Guid(e60f288047fc1b145be17b1b074d2569) Importer(815301076,1909f56bfc062723c751e8b465ee728b)  -> (artifact id: 'f6c82b30bedd0af12d50951d3163fdc8') in 0.009799 seconds 
  Import took 0.014298 seconds .

========================================================================
Received Import Request.
  Time since last request: 0.000188 seconds.
  path: Assets/Resources
  artifactKey: Guid(cb1d2f9b011b03e4f8953d9d88dd2b7f) Importer(815301076,1909f56bfc062723c751e8b465ee728b)
Start importing Assets/Resources using Guid(cb1d2f9b011b03e4f8953d9d88dd2b7f) Importer(815301076,1909f56bfc062723c751e8b465ee728b)  -> (artifact id: '23116c22f9eaecc3b6cb8bdb11e28c1c') in 0.010070 seconds 
  Import took 0.016925 seconds .

========================================================================
Received Import Request.
  Time since last request: 0.000245 seconds.
  path: Assets/Resources/Illegal Game Rips-20211206T001806Z-001/Illegal Game Rips/curved_train 1.png
  artifactKey: Guid(593e581e1a72bf24e95535e77041bf37) Importer(815301076,1909f56bfc062723c751e8b465ee728b)
Start importing Assets/Resources/Illegal Game Rips-20211206T001806Z-001/Illegal Game Rips/curved_train 1.png using Guid(593e581e1a72bf24e95535e77041bf37) Importer(815301076,1909f56bfc062723c751e8b465ee728b)  -> (artifact id: 'f6cc4f2abe99138ae016e9acaecf5b47') in 0.098942 seconds 
  Import took 0.104502 seconds .

========================================================================
Received Import Request.
  Time since last request: 0.000225 seconds.
  path: Assets/Resources/Illegal Game Rips-20211206T001806Z-001/Illegal Game Rips
  artifactKey: Guid(c87c01e4fed3fe146bc46b5fa115478e) Importer(815301076,1909f56bfc062723c751e8b465ee728b)
Start importing Assets/Resources/Illegal Game Rips-20211206T001806Z-001/Illegal Game Rips using Guid(c87c01e4fed3fe146bc46b5fa115478e) Importer(815301076,1909f56bfc062723c751e8b465ee728b)  -> (artifact id: '9286ff3a36d5eb6277c21491623632d8') in 0.011003 seconds 
  Import took 0.016905 seconds .

========================================================================
Received Import Request.
  Time since last request: 0.006878 seconds.
  path: Assets/Resources/Illegal Game Rips-20211206T001806Z-001/Illegal Game Rips/World Sprites
  artifactKey: Guid(abc83434f948cde4daac2eb7dd4822c5) Importer(815301076,1909f56bfc062723c751e8b465ee728b)
Start importing Assets/Resources/Illegal Game Rips-20211206T001806Z-001/Illegal Game Rips/World Sprites using Guid(abc83434f948cde4daac2eb7dd4822c5) Importer(815301076,1909f56bfc062723c751e8b465ee728b)  -> (artifact id: 'd1657e6b5869bd71d784fad1a98fc775') in 0.008170 seconds 
  Import took 0.014821 seconds .

========================================================================
Received Import Request.
  Time since last request: 1.025130 seconds.
  path: Assets/Resources/Illegal Game Rips-20211206T001806Z-001/Illegal Game Rips/Balls
  artifactKey: Guid(5ae9ea5a81754464cb7165dc602b730b) Importer(815301076,1909f56bfc062723c751e8b465ee728b)
Start importing Assets/Resources/Illegal Game Rips-20211206T001806Z-001/Illegal Game Rips/Balls using Guid(5ae9ea5a81754464cb7165dc602b730b) Importer(815301076,1909f56bfc062723c751e8b465ee728b)  -> (artifact id: 'f08ae8b22aaffaaaa3c4290b43d16e1d') in 0.008408 seconds 
  Import took 0.013888 seconds .

========================================================================
Received Import Request.
  Time since last request: 0.075778 seconds.
  path: Assets/Resources/Illegal Game Rips-20211206T001806Z-001/Illegal Game Rips/Balls/ballsprites_blue_grid_world2.png
  artifactKey: Guid(3be71c4dd38704802a91dc46d303ffcb) Importer(815301076,1909f56bfc062723c751e8b465ee728b)
Start importing Assets/Resources/Illegal Game Rips-20211206T001806Z-001/Illegal Game Rips/Balls/ballsprites_blue_grid_world2.png using Guid(3be71c4dd38704802a91dc46d303ffcb) Importer(815301076,1909f56bfc062723c751e8b465ee728b)  -> (artifact id: 'd2debd47347b21c5600d53842d7cba30') in 0.077426 seconds 
  Import took 0.084739 seconds .

========================================================================
Received Import Request.
  Time since last request: 0.000268 seconds.
  path: Assets/Resources/Illegal Game Rips-20211206T001806Z-001/Illegal Game Rips/Balls/ballsprites_red_grid_world2.png
  artifactKey: Guid(37d5999e970cd4444baf91bb1ce3d3e4) Importer(815301076,1909f56bfc062723c751e8b465ee728b)
Start importing Assets/Resources/Illegal Game Rips-20211206T001806Z-001/Illegal Game Rips/Balls/ballsprites_red_grid_world2.png using Guid(37d5999e970cd4444baf91bb1ce3d3e4) Importer(815301076,1909f56bfc062723c751e8b465ee728b)  -> (artifact id: '4f2bae15c44b7492645f4a92fbc35413') in 0.059511 seconds 
  Import took 0.064373 seconds .

========================================================================
Received Import Request.
  Time since last request: 0.000307 seconds.
  path: Assets/Resources/Illegal Game Rips-20211206T001806Z-001/Illegal Game Rips/Balls/ballsprites_gray_sheet_grid_smaller.png
  artifactKey: Guid(5ee686295773a7a44bdba33cf338997b) Importer(815301076,1909f56bfc062723c751e8b465ee728b)
Start importing Assets/Resources/Illegal Game Rips-20211206T001806Z-001/Illegal Game Rips/Balls/ballsprites_gray_sheet_grid_smaller.png using Guid(5ee686295773a7a44bdba33cf338997b) Importer(815301076,1909f56bfc062723c751e8b465ee728b)  -> (artifact id: 'f9e9ac7440d0a94e83d02c387a5d8509') in 0.022807 seconds 
  Import took 0.028701 seconds .

========================================================================
Received Import Request.
  Time since last request: 0.000281 seconds.
  path: Assets/Resources/Illegal Game Rips-20211206T001806Z-001/Illegal Game Rips/Balls/ballsprites_red_sheet_grid.png
  artifactKey: Guid(dd34ee634807f49149be3b04918378cc) Importer(815301076,1909f56bfc062723c751e8b465ee728b)
Start importing Assets/Resources/Illegal Game Rips-20211206T001806Z-001/Illegal Game Rips/Balls/ballsprites_red_sheet_grid.png using Guid(dd34ee634807f49149be3b04918378cc) Importer(815301076,1909f56bfc062723c751e8b465ee728b)  -> (artifact id: 'f1c350f382e71909cf9563adc15cd738') in 0.096042 seconds 
  Import took 0.100421 seconds .

========================================================================
Received Import Request.
  Time since last request: 0.000241 seconds.
  path: Assets/Resources/Illegal Game Rips-20211206T001806Z-001/Illegal Game Rips/Balls/ballsprites_gold.png
  artifactKey: Guid(517c134da786f48579d878776e353e4f) Importer(815301076,1909f56bfc062723c751e8b465ee728b)
Start importing Assets/Resources/Illegal Game Rips-20211206T001806Z-001/Illegal Game Rips/Balls/ballsprites_gold.png using Guid(517c134da786f48579d878776e353e4f) Importer(815301076,1909f56bfc062723c751e8b465ee728b)  -> (artifact id: '71d6c359ff2c20eb1e15a39b06cff1fc') in 0.054259 seconds 
  Import took 0.060393 seconds .

========================================================================
Received Import Request.
  Time since last request: 0.000238 seconds.
  path: Assets/Resources/Illegal Game Rips-20211206T001806Z-001/Illegal Game Rips/Balls/ballsprites_blue_sheet_grid.png
  artifactKey: Guid(f49361739692646ceab8024a135cc42a) Importer(815301076,1909f56bfc062723c751e8b465ee728b)
Start importing Assets/Resources/Illegal Game Rips-20211206T001806Z-001/Illegal Game Rips/Balls/ballsprites_blue_sheet_grid.png using Guid(f49361739692646ceab8024a135cc42a) Importer(815301076,1909f56bfc062723c751e8b465ee728b)  -> (artifact id: '8b52ed533b28281835f9b1fb40f0c1ae') in 0.097883 seconds 
  Import took 0.102235 seconds .

========================================================================
Received Import Request.
  Time since last request: 3.195850 seconds.
  path: Assets/Resources/Illegal Game Rips-20211206T001806Z-001/Illegal Game Rips/World Sprites/Bonus/belltower_white.png
  artifactKey: Guid(5aac704373c5a004aad9447ca6c190f9) Importer(815301076,1909f56bfc062723c751e8b465ee728b)
Start importing Assets/Resources/Illegal Game Rips-20211206T001806Z-001/Illegal Game Rips/World Sprites/Bonus/belltower_white.png using Guid(5aac704373c5a004aad9447ca6c190f9) Importer(815301076,1909f56bfc062723c751e8b465ee728b)  -> (artifact id: 'd09e384fb29b5946ec5aaa0a7c925b1e') in 0.049908 seconds 
  Import took 0.055508 seconds .

========================================================================
Received Import Request.
  Time since last request: 0.000277 seconds.
  path: Assets/Resources/Illegal Game Rips-20211206T001806Z-001/Illegal Game Rips/World Sprites/Bonus/chain_white_2.png
  artifactKey: Guid(233c68e4e21e27c4182ff3814ca9ccd9) Importer(815301076,1909f56bfc062723c751e8b465ee728b)
Start importing Assets/Resources/Illegal Game Rips-20211206T001806Z-001/Illegal Game Rips/World Sprites/Bonus/chain_white_2.png using Guid(233c68e4e21e27c4182ff3814ca9ccd9) Importer(815301076,1909f56bfc062723c751e8b465ee728b)  -> (artifact id: '25ce8e4582b8402e2d5f033c2a5011fb') in 0.027153 seconds 
  Import took 0.031500 seconds .

========================================================================
Received Import Request.
  Time since last request: 0.000309 seconds.
  path: Assets/Resources/Illegal Game Rips-20211206T001806Z-001/Illegal Game Rips/World Sprites/Bonus/curved_train_white_back.png
  artifactKey: Guid(f5dd786cf958b8044b89128ea8d14fc7) Importer(815301076,1909f56bfc062723c751e8b465ee728b)
Start importing Assets/Resources/Illegal Game Rips-20211206T001806Z-001/Illegal Game Rips/World Sprites/Bonus/curved_train_white_back.png using Guid(f5dd786cf958b8044b89128ea8d14fc7) Importer(815301076,1909f56bfc062723c751e8b465ee728b)  -> (artifact id: '3d066009212944477a46e281b6c05604') in 0.024597 seconds 
  Import took 0.029239 seconds .

========================================================================
Received Import Request.
  Time since last request: 0.000273 seconds.
  path: Assets/Resources/Illegal Game Rips-20211206T001806Z-001/Illegal Game Rips/World Sprites/Bonus/chain_white_1.png
  artifactKey: Guid(4ce6f9bc1f7d6b64492341baa85f6f87) Importer(815301076,1909f56bfc062723c751e8b465ee728b)
Start importing Assets/Resources/Illegal Game Rips-20211206T001806Z-001/Illegal Game Rips/World Sprites/Bonus/chain_white_1.png using Guid(4ce6f9bc1f7d6b64492341baa85f6f87) Importer(815301076,1909f56bfc062723c751e8b465ee728b)  -> (artifact id: '73d07c1e3d993a3b8da411cc2a3304b7') in 0.023168 seconds 
  Import took 0.028118 seconds .

========================================================================
Received Import Request.
  Time since last request: 0.000285 seconds.
  path: Assets/Resources/Illegal Game Rips-20211206T001806Z-001/Illegal Game Rips/World Sprites/Bonus/curved_train_white_front.png
  artifactKey: Guid(9d641946934a6b343b5d1b2f141c30da) Importer(815301076,1909f56bfc062723c751e8b465ee728b)
Start importing Assets/Resources/Illegal Game Rips-20211206T001806Z-001/Illegal Game Rips/World Sprites/Bonus/curved_train_white_front.png using Guid(9d641946934a6b343b5d1b2f141c30da) Importer(815301076,1909f56bfc062723c751e8b465ee728b)  -> (artifact id: '9854f9fbc2c7327bc805a71042b40d25') in 0.025054 seconds 
  Import took 0.029727 seconds .

========================================================================
Received Import Request.
  Time since last request: 0.880081 seconds.
  path: Assets/Resources/Illegal Game Rips-20211206T001806Z-001/Illegal Game Rips/World Sprites/Unused/5x_oldconcept_bg.png
  artifactKey: Guid(81e18e2f6c250434aa3094466b1f5e0a) Importer(815301076,1909f56bfc062723c751e8b465ee728b)
Start importing Assets/Resources/Illegal Game Rips-20211206T001806Z-001/Illegal Game Rips/World Sprites/Unused/5x_oldconcept_bg.png using Guid(81e18e2f6c250434aa3094466b1f5e0a) Importer(815301076,1909f56bfc062723c751e8b465ee728b)  -> (artifact id: '01c6c73a77d37ac714d95d61906a1972') in 0.044610 seconds 
  Import took 0.050830 seconds .

========================================================================
Received Import Request.
  Time since last request: 0.000273 seconds.
  path: Assets/Resources/Illegal Game Rips-20211206T001806Z-001/Illegal Game Rips/World Sprites/Unused/hotairballoon_b.png
  artifactKey: Guid(17975dc8c3bcdc04482dba6a6a610df5) Importer(815301076,1909f56bfc062723c751e8b465ee728b)
Start importing Assets/Resources/Illegal Game Rips-20211206T001806Z-001/Illegal Game Rips/World Sprites/Unused/hotairballoon_b.png using Guid(17975dc8c3bcdc04482dba6a6a610df5) Importer(815301076,1909f56bfc062723c751e8b465ee728b)  -> (artifact id: '1f341e0ea2495a81a854070fac9b7aef') in 0.026808 seconds 
  Import took 0.031147 seconds .

========================================================================
Received Import Request.
  Time since last request: 0.000264 seconds.
  path: Assets/Resources/Illegal Game Rips-20211206T001806Z-001/Illegal Game Rips/World Sprites/Unused/zeppelin.png
  artifactKey: Guid(41a50b768e14d514da2d6f32bf9d0140) Importer(815301076,1909f56bfc062723c751e8b465ee728b)
Start importing Assets/Resources/Illegal Game Rips-20211206T001806Z-001/Illegal Game Rips/World Sprites/Unused/zeppelin.png using Guid(41a50b768e14d514da2d6f32bf9d0140) Importer(815301076,1909f56bfc062723c751e8b465ee728b)  -> (artifact id: '212066d25b4e00c866b4f881d77c3b5b') in 0.024917 seconds 
  Import took 0.029299 seconds .

========================================================================
Received Import Request.
  Time since last request: 0.000227 seconds.
  path: Assets/Resources/Illegal Game Rips-20211206T001806Z-001/Illegal Game Rips/World Sprites/Unused/electroswing_light.png
  artifactKey: Guid(78a5c4c3dbf898c469285450c94543ab) Importer(815301076,1909f56bfc062723c751e8b465ee728b)
Start importing Assets/Resources/Illegal Game Rips-20211206T001806Z-001/Illegal Game Rips/World Sprites/Unused/electroswing_light.png using Guid(78a5c4c3dbf898c469285450c94543ab) Importer(815301076,1909f56bfc062723c751e8b465ee728b)  -> (artifact id: 'b164967293c988c306e9f42b9a9db230') in 0.025643 seconds 
  Import took 0.029943 seconds .

========================================================================
Received Import Request.
  Time since last request: 0.000206 seconds.
  path: Assets/Resources/Illegal Game Rips-20211206T001806Z-001/Illegal Game Rips/World Sprites/Unused/spotlight.png
  artifactKey: Guid(26833e9c617ed444b952c7d8f7b50a9e) Importer(815301076,1909f56bfc062723c751e8b465ee728b)
Start importing Assets/Resources/Illegal Game Rips-20211206T001806Z-001/Illegal Game Rips/World Sprites/Unused/spotlight.png using Guid(26833e9c617ed444b952c7d8f7b50a9e) Importer(815301076,1909f56bfc062723c751e8b465ee728b)  -> (artifact id: '5315bcd45ef903beb1fc9b3e59b11f9d') in 0.022742 seconds 
  Import took 0.027377 seconds .

========================================================================
Received Import Request.
  Time since last request: 0.000210 seconds.
  path: Assets/Resources/Illegal Game Rips-20211206T001806Z-001/Illegal Game Rips/World Sprites/Unused/hotairballoon_a.png
  artifactKey: Guid(ad77c86f978c0d145984398bd7f78559) Importer(815301076,1909f56bfc062723c751e8b465ee728b)
Start importing Assets/Resources/Illegal Game Rips-20211206T001806Z-001/Illegal Game Rips/World Sprites/Unused/hotairballoon_a.png using Guid(ad77c86f978c0d145984398bd7f78559) Importer(815301076,1909f56bfc062723c751e8b465ee728b)  -> (artifact id: '4ec097ced05879ba1375652256d1bd1e') in 0.027073 seconds 
  Import took 0.031799 seconds .

AssetImportWorkerClient::OnTransportError - code=2 error=End of file
